Arguments: 
  /usr/local/bin/node /usr/local/Cellar/yarn/1.5.1_1/libexec/bin/yarn.js watch

PATH: 
  /Users/cedricvanhaegenberg/Library/Android/sdk/tools:/usr/local/bin:/usr/bin:/bin:/usr/local/sbin:/usr/sbin:/sbin:/Users/cedricvanhaegenberg/.composer/vendor/bin:/usr/local/opt/mysql@5.7/bin

Yarn version: 
  1.5.1

Node version: 
  9.6.1

Platform: 
  darwin x64

npm manifest: 
  {
    "name": "christoff",
    "version": "1.0.0",
    "description": "Custom Christoff Drupal Theme",
    "main": "gulpfile.js",
    "scripts": {
      "test": "echo \"Error: no test specified\" && exit 1"
    },
    "author": "Cedric Vanhaegenberg",
    "license": "ISC",
    "devDependencies": {
      "gulp": "^3.9.1",
      "gulp-autoprefixer": "^6.0.0",
      "gulp-eslint": "^5.0.0",
      "gulp-livereload": "^4.0.0",
      "gulp-sass": "^4.0.2",
      "gulp-sourcemaps": "^2.6.4",
      "gulp-if": "^2.0.2",
      "gulp-imagemin": "^4.1.0",
      "imagemin-pngquant": "^6.0.0"
    }
  }

yarn manifest: 
  No manifest

Lockfile: 
  No lockfile

Trace: 
  Error: Command "watch" not found.
      at new MessageError (/usr/local/Cellar/yarn/1.5.1_1/libexec/lib/cli.js:186:110)
      at /usr/local/Cellar/yarn/1.5.1_1/libexec/lib/cli.js:87307:17
      at Generator.next (<anonymous>)
      at step (/usr/local/Cellar/yarn/1.5.1_1/libexec/lib/cli.js:98:30)
      at /usr/local/Cellar/yarn/1.5.1_1/libexec/lib/cli.js:116:14
      at new Promise (<anonymous>)
      at new F (/usr/local/Cellar/yarn/1.5.1_1/libexec/lib/cli.js:23451:28)
      at /usr/local/Cellar/yarn/1.5.1_1/libexec/lib/cli.js:95:12
      at runCommand (/usr/local/Cellar/yarn/1.5.1_1/libexec/lib/cli.js:87312:22)
      at Object.<anonymous> (/usr/local/Cellar/yarn/1.5.1_1/libexec/lib/cli.js:87412:14)
